Start testing: Nov 22 10:46 PST
----------------------------------------------------------
1/21 Testing: InputVertexImplTest.GetIdSuccess
1/21 Test: InputVertexImplTest.GetIdSuccess
Command: "/Users/lingbozhang/src/intellgraph2/build/bin/vertex_unittests" "--gtest_filter=InputVertexImplTest.GetIdSuccess" "--gtest_also_run_disabled_tests"
Directory: /Users/lingbozhang/src/intellgraph2/build/src/edge/vertex
"InputVertexImplTest.GetIdSuccess" start time: Nov 22 10:46 PST
Output:
----------------------------------------------------------
Running main() from /Users/lingbozhang/src/intellgraph2/third_party/googletest/googletest/src/gtest_main.cc
Note: Google Test filter = InputVertexImplTest.GetIdSuccess
[==========] Running 1 test from 1 test suite.
[----------] Global test environment set-up.
[----------] 1 test from InputVertexImplTest
[ RUN      ] InputVertexImplTest.GetIdSuccess
[       OK ] InputVertexImplTest.GetIdSuccess (0 ms)
[----------] 1 test from InputVertexImplTest (0 ms total)

[----------] Global test environment tear-down
[==========] 1 test from 1 test suite ran. (0 ms total)
[  PASSED  ] 1 test.
<end of output>
Test time =   0.00 sec
----------------------------------------------------------
Test Passed.
"InputVertexImplTest.GetIdSuccess" end time: Nov 22 10:46 PST
"InputVertexImplTest.GetIdSuccess" time elapsed: 00:00:00
----------------------------------------------------------

2/21 Testing: InputVertexImplTest.GetRowSuccess
2/21 Test: InputVertexImplTest.GetRowSuccess
Command: "/Users/lingbozhang/src/intellgraph2/build/bin/vertex_unittests" "--gtest_filter=InputVertexImplTest.GetRowSuccess" "--gtest_also_run_disabled_tests"
Directory: /Users/lingbozhang/src/intellgraph2/build/src/edge/vertex
"InputVertexImplTest.GetRowSuccess" start time: Nov 22 10:46 PST
Output:
----------------------------------------------------------
Running main() from /Users/lingbozhang/src/intellgraph2/third_party/googletest/googletest/src/gtest_main.cc
Note: Google Test filter = InputVertexImplTest.GetRowSuccess
[==========] Running 1 test from 1 test suite.
[----------] Global test environment set-up.
[----------] 1 test from InputVertexImplTest
[ RUN      ] InputVertexImplTest.GetRowSuccess
[       OK ] InputVertexImplTest.GetRowSuccess (0 ms)
[----------] 1 test from InputVertexImplTest (0 ms total)

[----------] Global test environment tear-down
[==========] 1 test from 1 test suite ran. (0 ms total)
[  PASSED  ] 1 test.
<end of output>
Test time =   0.00 sec
----------------------------------------------------------
Test Passed.
"InputVertexImplTest.GetRowSuccess" end time: Nov 22 10:46 PST
"InputVertexImplTest.GetRowSuccess" time elapsed: 00:00:00
----------------------------------------------------------

3/21 Testing: InputVertexImplTest.GetColSuccess
3/21 Test: InputVertexImplTest.GetColSuccess
Command: "/Users/lingbozhang/src/intellgraph2/build/bin/vertex_unittests" "--gtest_filter=InputVertexImplTest.GetColSuccess" "--gtest_also_run_disabled_tests"
Directory: /Users/lingbozhang/src/intellgraph2/build/src/edge/vertex
"InputVertexImplTest.GetColSuccess" start time: Nov 22 10:46 PST
Output:
----------------------------------------------------------
Running main() from /Users/lingbozhang/src/intellgraph2/third_party/googletest/googletest/src/gtest_main.cc
Note: Google Test filter = InputVertexImplTest.GetColSuccess
[==========] Running 1 test from 1 test suite.
[----------] Global test environment set-up.
[----------] 1 test from InputVertexImplTest
[ RUN      ] InputVertexImplTest.GetColSuccess
[       OK ] InputVertexImplTest.GetColSuccess (0 ms)
[----------] 1 test from InputVertexImplTest (0 ms total)

[----------] Global test environment tear-down
[==========] 1 test from 1 test suite ran. (0 ms total)
[  PASSED  ] 1 test.
<end of output>
Test time =   0.00 sec
----------------------------------------------------------
Test Passed.
"InputVertexImplTest.GetColSuccess" end time: Nov 22 10:46 PST
"InputVertexImplTest.GetColSuccess" time elapsed: 00:00:00
----------------------------------------------------------

4/21 Testing: InputVertexImplTest.SetFeatureSuccess
4/21 Test: InputVertexImplTest.SetFeatureSuccess
Command: "/Users/lingbozhang/src/intellgraph2/build/bin/vertex_unittests" "--gtest_filter=InputVertexImplTest.SetFeatureSuccess" "--gtest_also_run_disabled_tests"
Directory: /Users/lingbozhang/src/intellgraph2/build/src/edge/vertex
"InputVertexImplTest.SetFeatureSuccess" start time: Nov 22 10:46 PST
Output:
----------------------------------------------------------
Running main() from /Users/lingbozhang/src/intellgraph2/third_party/googletest/googletest/src/gtest_main.cc
Note: Google Test filter = InputVertexImplTest.SetFeatureSuccess
[==========] Running 1 test from 1 test suite.
[----------] Global test environment set-up.
[----------] 1 test from InputVertexImplTest
[ RUN      ] InputVertexImplTest.SetFeatureSuccess
WARNING: Logging before InitGoogleLogging() is written to STDERR
I1122 10:46:21.036702 163069376 input_vertex_impl.cc:63] InputVertexImpl feeds a feature value.
I1122 10:46:21.037147 163069376 input_vertex_impl.cc:63] InputVertexImpl feeds a feature value.
[       OK ] InputVertexImplTest.SetFeatureSuccess (1 ms)
[----------] 1 test from InputVertexImplTest (1 ms total)

[----------] Global test environment tear-down
[==========] 1 test from 1 test suite ran. (1 ms total)
[  PASSED  ] 1 test.
<end of output>
Test time =   0.00 sec
----------------------------------------------------------
Test Passed.
"InputVertexImplTest.SetFeatureSuccess" end time: Nov 22 10:46 PST
"InputVertexImplTest.SetFeatureSuccess" time elapsed: 00:00:00
----------------------------------------------------------

5/21 Testing: OpVertexImplTest.ResizeVertexSuccess
5/21 Test: OpVertexImplTest.ResizeVertexSuccess
Command: "/Users/lingbozhang/src/intellgraph2/build/bin/vertex_unittests" "--gtest_filter=OpVertexImplTest.ResizeVertexSuccess" "--gtest_also_run_disabled_tests"
Directory: /Users/lingbozhang/src/intellgraph2/build/src/edge/vertex
"OpVertexImplTest.ResizeVertexSuccess" start time: Nov 22 10:46 PST
Output:
----------------------------------------------------------
Running main() from /Users/lingbozhang/src/intellgraph2/third_party/googletest/googletest/src/gtest_main.cc
Note: Google Test filter = OpVertexImplTest.ResizeVertexSuccess
[==========] Running 2 tests from 1 test suite.
[----------] Global test environment set-up.
[----------] 2 tests from OpVertexImplTest
[ RUN      ] OpVertexImplTest.ResizeVertexSuccess
[       OK ] OpVertexImplTest.ResizeVertexSuccess (0 ms)
[ RUN      ] OpVertexImplTest.ResizeVertexSuccess
[       OK ] OpVertexImplTest.ResizeVertexSuccess (0 ms)
[----------] 2 tests from OpVertexImplTest (0 ms total)

[----------] Global test environment tear-down
[==========] 2 tests from 1 test suite ran. (0 ms total)
[  PASSED  ] 2 tests.
<end of output>
Test time =   0.00 sec
----------------------------------------------------------
Test Passed.
"OpVertexImplTest.ResizeVertexSuccess" end time: Nov 22 10:46 PST
"OpVertexImplTest.ResizeVertexSuccess" time elapsed: 00:00:00
----------------------------------------------------------

6/21 Testing: OpVertexImplTest.GetIdSuccess
6/21 Test: OpVertexImplTest.GetIdSuccess
Command: "/Users/lingbozhang/src/intellgraph2/build/bin/vertex_unittests" "--gtest_filter=OpVertexImplTest.GetIdSuccess" "--gtest_also_run_disabled_tests"
Directory: /Users/lingbozhang/src/intellgraph2/build/src/edge/vertex
"OpVertexImplTest.GetIdSuccess" start time: Nov 22 10:46 PST
Output:
----------------------------------------------------------
Running main() from /Users/lingbozhang/src/intellgraph2/third_party/googletest/googletest/src/gtest_main.cc
Note: Google Test filter = OpVertexImplTest.GetIdSuccess
[==========] Running 1 test from 1 test suite.
[----------] Global test environment set-up.
[----------] 1 test from OpVertexImplTest
[ RUN      ] OpVertexImplTest.GetIdSuccess
[       OK ] OpVertexImplTest.GetIdSuccess (0 ms)
[----------] 1 test from OpVertexImplTest (0 ms total)

[----------] Global test environment tear-down
[==========] 1 test from 1 test suite ran. (0 ms total)
[  PASSED  ] 1 test.
<end of output>
Test time =   0.00 sec
----------------------------------------------------------
Test Passed.
"OpVertexImplTest.GetIdSuccess" end time: Nov 22 10:46 PST
"OpVertexImplTest.GetIdSuccess" time elapsed: 00:00:00
----------------------------------------------------------

7/21 Testing: OpVertexImplTest.GetRowSuccess
7/21 Test: OpVertexImplTest.GetRowSuccess
Command: "/Users/lingbozhang/src/intellgraph2/build/bin/vertex_unittests" "--gtest_filter=OpVertexImplTest.GetRowSuccess" "--gtest_also_run_disabled_tests"
Directory: /Users/lingbozhang/src/intellgraph2/build/src/edge/vertex
"OpVertexImplTest.GetRowSuccess" start time: Nov 22 10:46 PST
Output:
----------------------------------------------------------
Running main() from /Users/lingbozhang/src/intellgraph2/third_party/googletest/googletest/src/gtest_main.cc
Note: Google Test filter = OpVertexImplTest.GetRowSuccess
[==========] Running 1 test from 1 test suite.
[----------] Global test environment set-up.
[----------] 1 test from OpVertexImplTest
[ RUN      ] OpVertexImplTest.GetRowSuccess
[       OK ] OpVertexImplTest.GetRowSuccess (0 ms)
[----------] 1 test from OpVertexImplTest (0 ms total)

[----------] Global test environment tear-down
[==========] 1 test from 1 test suite ran. (0 ms total)
[  PASSED  ] 1 test.
<end of output>
Test time =   0.00 sec
----------------------------------------------------------
Test Passed.
"OpVertexImplTest.GetRowSuccess" end time: Nov 22 10:46 PST
"OpVertexImplTest.GetRowSuccess" time elapsed: 00:00:00
----------------------------------------------------------

8/21 Testing: OpVertexImplTest.GetColSuccess
8/21 Test: OpVertexImplTest.GetColSuccess
Command: "/Users/lingbozhang/src/intellgraph2/build/bin/vertex_unittests" "--gtest_filter=OpVertexImplTest.GetColSuccess" "--gtest_also_run_disabled_tests"
Directory: /Users/lingbozhang/src/intellgraph2/build/src/edge/vertex
"OpVertexImplTest.GetColSuccess" start time: Nov 22 10:46 PST
Output:
----------------------------------------------------------
Running main() from /Users/lingbozhang/src/intellgraph2/third_party/googletest/googletest/src/gtest_main.cc
Note: Google Test filter = OpVertexImplTest.GetColSuccess
[==========] Running 1 test from 1 test suite.
[----------] Global test environment set-up.
[----------] 1 test from OpVertexImplTest
[ RUN      ] OpVertexImplTest.GetColSuccess
[       OK ] OpVertexImplTest.GetColSuccess (0 ms)
[----------] 1 test from OpVertexImplTest (0 ms total)

[----------] Global test environment tear-down
[==========] 1 test from 1 test suite ran. (0 ms total)
[  PASSED  ] 1 test.
<end of output>
Test time =   0.00 sec
----------------------------------------------------------
Test Passed.
"OpVertexImplTest.GetColSuccess" end time: Nov 22 10:46 PST
"OpVertexImplTest.GetColSuccess" time elapsed: 00:00:00
----------------------------------------------------------

9/21 Testing: OpVertexImplTest.ResizeVertexSuccess
9/21 Test: OpVertexImplTest.ResizeVertexSuccess
Command: "/Users/lingbozhang/src/intellgraph2/build/bin/vertex_unittests" "--gtest_filter=OpVertexImplTest.ResizeVertexSuccess" "--gtest_also_run_disabled_tests"
Directory: /Users/lingbozhang/src/intellgraph2/build/src/edge/vertex
"OpVertexImplTest.ResizeVertexSuccess" start time: Nov 22 10:46 PST
Output:
----------------------------------------------------------
Running main() from /Users/lingbozhang/src/intellgraph2/third_party/googletest/googletest/src/gtest_main.cc
Note: Google Test filter = OpVertexImplTest.ResizeVertexSuccess
[==========] Running 2 tests from 1 test suite.
[----------] Global test environment set-up.
[----------] 2 tests from OpVertexImplTest
[ RUN      ] OpVertexImplTest.ResizeVertexSuccess
[       OK ] OpVertexImplTest.ResizeVertexSuccess (0 ms)
[ RUN      ] OpVertexImplTest.ResizeVertexSuccess
[       OK ] OpVertexImplTest.ResizeVertexSuccess (0 ms)
[----------] 2 tests from OpVertexImplTest (0 ms total)

[----------] Global test environment tear-down
[==========] 2 tests from 1 test suite ran. (0 ms total)
[  PASSED  ] 2 tests.
<end of output>
Test time =   0.00 sec
----------------------------------------------------------
Test Passed.
"OpVertexImplTest.ResizeVertexSuccess" end time: Nov 22 10:46 PST
"OpVertexImplTest.ResizeVertexSuccess" time elapsed: 00:00:00
----------------------------------------------------------

10/21 Testing: OutputVertexImplTest.GetIdSuccess
10/21 Test: OutputVertexImplTest.GetIdSuccess
Command: "/Users/lingbozhang/src/intellgraph2/build/bin/vertex_unittests" "--gtest_filter=OutputVertexImplTest.GetIdSuccess" "--gtest_also_run_disabled_tests"
Directory: /Users/lingbozhang/src/intellgraph2/build/src/edge/vertex
"OutputVertexImplTest.GetIdSuccess" start time: Nov 22 10:46 PST
Output:
----------------------------------------------------------
Running main() from /Users/lingbozhang/src/intellgraph2/third_party/googletest/googletest/src/gtest_main.cc
Note: Google Test filter = OutputVertexImplTest.GetIdSuccess
[==========] Running 1 test from 1 test suite.
[----------] Global test environment set-up.
[----------] 1 test from OutputVertexImplTest
[ RUN      ] OutputVertexImplTest.GetIdSuccess
[       OK ] OutputVertexImplTest.GetIdSuccess (0 ms)
[----------] 1 test from OutputVertexImplTest (0 ms total)

[----------] Global test environment tear-down
[==========] 1 test from 1 test suite ran. (0 ms total)
[  PASSED  ] 1 test.
<end of output>
Test time =   0.00 sec
----------------------------------------------------------
Test Passed.
"OutputVertexImplTest.GetIdSuccess" end time: Nov 22 10:46 PST
"OutputVertexImplTest.GetIdSuccess" time elapsed: 00:00:00
----------------------------------------------------------

11/21 Testing: ReluTest.ActivateSuccess
11/21 Test: ReluTest.ActivateSuccess
Command: "/Users/lingbozhang/src/intellgraph2/build/bin/vertex_unittests" "--gtest_filter=ReluTest.ActivateSuccess" "--gtest_also_run_disabled_tests"
Directory: /Users/lingbozhang/src/intellgraph2/build/src/edge/vertex
"ReluTest.ActivateSuccess" start time: Nov 22 10:46 PST
Output:
----------------------------------------------------------
Running main() from /Users/lingbozhang/src/intellgraph2/third_party/googletest/googletest/src/gtest_main.cc
Note: Google Test filter = ReluTest.ActivateSuccess
[==========] Running 1 test from 1 test suite.
[----------] Global test environment set-up.
[----------] 1 test from ReluTest
[ RUN      ] ReluTest.ActivateSuccess
WARNING: Logging before InitGoogleLogging() is written to STDERR
I1122 10:46:21.065563 279158208 relu.h:29] OpVertex 0 is activated with the Rectified Linear Unit function.
I1122 10:46:21.066146 279158208 relu.h:29] OpVertex 1 is activated with the Rectified Linear Unit function.
I1122 10:46:21.066156 279158208 relu.h:29] OpVertex 0 is activated with the Rectified Linear Unit function.
I1122 10:46:21.066162 279158208 relu.h:29] OpVertex 1 is activated with the Rectified Linear Unit function.
I1122 10:46:21.066167 279158208 relu.h:29] OpVertex 0 is activated with the Rectified Linear Unit function.
I1122 10:46:21.066171 279158208 relu.h:29] OpVertex 1 is activated with the Rectified Linear Unit function.
[       OK ] ReluTest.ActivateSuccess (1 ms)
[----------] 1 test from ReluTest (1 ms total)

[----------] Global test environment tear-down
[==========] 1 test from 1 test suite ran. (1 ms total)
[  PASSED  ] 1 test.
<end of output>
Test time =   0.00 sec
----------------------------------------------------------
Test Passed.
"ReluTest.ActivateSuccess" end time: Nov 22 10:46 PST
"ReluTest.ActivateSuccess" time elapsed: 00:00:00
----------------------------------------------------------

12/21 Testing: ReluTest.DeriveSuccess
12/21 Test: ReluTest.DeriveSuccess
Command: "/Users/lingbozhang/src/intellgraph2/build/bin/vertex_unittests" "--gtest_filter=ReluTest.DeriveSuccess" "--gtest_also_run_disabled_tests"
Directory: /Users/lingbozhang/src/intellgraph2/build/src/edge/vertex
"ReluTest.DeriveSuccess" start time: Nov 22 10:46 PST
Output:
----------------------------------------------------------
Running main() from /Users/lingbozhang/src/intellgraph2/third_party/googletest/googletest/src/gtest_main.cc
Note: Google Test filter = ReluTest.DeriveSuccess
[==========] Running 1 test from 1 test suite.
[----------] Global test environment set-up.
[----------] 1 test from ReluTest
[ RUN      ] ReluTest.DeriveSuccess
WARNING: Logging before InitGoogleLogging() is written to STDERR
I1122 10:46:21.070389 291548608 relu.h:42] OpVertex 0 is derived with the Rectified Linear Unit function.
I1122 10:46:21.070844 291548608 relu.h:42] OpVertex 1 is derived with the Rectified Linear Unit function.
I1122 10:46:21.070852 291548608 relu.h:42] OpVertex 0 is derived with the Rectified Linear Unit function.
I1122 10:46:21.070856 291548608 relu.h:42] OpVertex 1 is derived with the Rectified Linear Unit function.
[       OK ] ReluTest.DeriveSuccess (0 ms)
[----------] 1 test from ReluTest (0 ms total)

[----------] Global test environment tear-down
[==========] 1 test from 1 test suite ran. (0 ms total)
[  PASSED  ] 1 test.
<end of output>
Test time =   0.00 sec
----------------------------------------------------------
Test Passed.
"ReluTest.DeriveSuccess" end time: Nov 22 10:46 PST
"ReluTest.DeriveSuccess" time elapsed: 00:00:00
----------------------------------------------------------

13/21 Testing: SigmoidTest.ActivateSuccess
13/21 Test: SigmoidTest.ActivateSuccess
Command: "/Users/lingbozhang/src/intellgraph2/build/bin/vertex_unittests" "--gtest_filter=SigmoidTest.ActivateSuccess" "--gtest_also_run_disabled_tests"
Directory: /Users/lingbozhang/src/intellgraph2/build/src/edge/vertex
"SigmoidTest.ActivateSuccess" start time: Nov 22 10:46 PST
Output:
----------------------------------------------------------
Running main() from /Users/lingbozhang/src/intellgraph2/third_party/googletest/googletest/src/gtest_main.cc
Note: Google Test filter = SigmoidTest.ActivateSuccess
[==========] Running 1 test from 1 test suite.
[----------] Global test environment set-up.
[----------] 1 test from SigmoidTest
[ RUN      ] SigmoidTest.ActivateSuccess
WARNING: Logging before InitGoogleLogging() is written to STDERR
I1122 10:46:21.075237 335809984 sigmoid.h:31] OpVertex 0 is activated with the Sigmoid function.
I1122 10:46:21.075796 335809984 sigmoid.h:31] OpVertex 1 is activated with the Sigmoid function.
I1122 10:46:21.075810 335809984 sigmoid.h:31] OpVertex 0 is activated with the Sigmoid function.
I1122 10:46:21.075816 335809984 sigmoid.h:31] OpVertex 1 is activated with the Sigmoid function.
I1122 10:46:21.075822 335809984 sigmoid.h:31] OpVertex 0 is activated with the Sigmoid function.
I1122 10:46:21.075826 335809984 sigmoid.h:31] OpVertex 1 is activated with the Sigmoid function.
[       OK ] SigmoidTest.ActivateSuccess (0 ms)
[----------] 1 test from SigmoidTest (0 ms total)

[----------] Global test environment tear-down
[==========] 1 test from 1 test suite ran. (0 ms total)
[  PASSED  ] 1 test.
<end of output>
Test time =   0.00 sec
----------------------------------------------------------
Test Passed.
"SigmoidTest.ActivateSuccess" end time: Nov 22 10:46 PST
"SigmoidTest.ActivateSuccess" time elapsed: 00:00:00
----------------------------------------------------------

14/21 Testing: SigmoidTest.DeriveSuccess
14/21 Test: SigmoidTest.DeriveSuccess
Command: "/Users/lingbozhang/src/intellgraph2/build/bin/vertex_unittests" "--gtest_filter=SigmoidTest.DeriveSuccess" "--gtest_also_run_disabled_tests"
Directory: /Users/lingbozhang/src/intellgraph2/build/src/edge/vertex
"SigmoidTest.DeriveSuccess" start time: Nov 22 10:46 PST
Output:
----------------------------------------------------------
Running main() from /Users/lingbozhang/src/intellgraph2/third_party/googletest/googletest/src/gtest_main.cc
Note: Google Test filter = SigmoidTest.DeriveSuccess
[==========] Running 1 test from 1 test suite.
[----------] Global test environment set-up.
[----------] 1 test from SigmoidTest
[ RUN      ] SigmoidTest.DeriveSuccess
WARNING: Logging before InitGoogleLogging() is written to STDERR
I1122 10:46:21.080035 455499200 sigmoid.h:31] OpVertex 0 is activated with the Sigmoid function.
I1122 10:46:21.080479 455499200 sigmoid.h:50] OpVertex 0 is derived with the Sigmoid function.
I1122 10:46:21.080498 455499200 sigmoid.h:31] OpVertex 1 is activated with the Sigmoid function.
I1122 10:46:21.080509 455499200 sigmoid.h:50] OpVertex 1 is derived with the Sigmoid function.
[       OK ] SigmoidTest.DeriveSuccess (1 ms)
[----------] 1 test from SigmoidTest (1 ms total)

[----------] Global test environment tear-down
[==========] 1 test from 1 test suite ran. (1 ms total)
[  PASSED  ] 1 test.
<end of output>
Test time =   0.00 sec
----------------------------------------------------------
Test Passed.
"SigmoidTest.DeriveSuccess" end time: Nov 22 10:46 PST
"SigmoidTest.DeriveSuccess" time elapsed: 00:00:00
----------------------------------------------------------

15/21 Testing: SigmoidL2Test.ActivateSuccess
15/21 Test: SigmoidL2Test.ActivateSuccess
Command: "/Users/lingbozhang/src/intellgraph2/build/bin/vertex_unittests" "--gtest_filter=SigmoidL2Test.ActivateSuccess" "--gtest_also_run_disabled_tests"
Directory: /Users/lingbozhang/src/intellgraph2/build/src/edge/vertex
"SigmoidL2Test.ActivateSuccess" start time: Nov 22 10:46 PST
Output:
----------------------------------------------------------
Running main() from /Users/lingbozhang/src/intellgraph2/third_party/googletest/googletest/src/gtest_main.cc
Note: Google Test filter = SigmoidL2Test.ActivateSuccess
[==========] Running 1 test from 1 test suite.
[----------] Global test environment set-up.
[----------] 1 test from SigmoidL2Test
[ RUN      ] SigmoidL2Test.ActivateSuccess
WARNING: Logging before InitGoogleLogging() is written to STDERR
I1122 10:46:21.084336 145124800 sigmoid_l2.h:32] OutputVertex 0 is activated with the Sigmoid function.
I1122 10:46:21.084805 145124800 sigmoid_l2.h:32] OutputVertex 0 is activated with the Sigmoid function.
I1122 10:46:21.084822 145124800 sigmoid_l2.h:32] OutputVertex 0 is activated with the Sigmoid function.
I1122 10:46:21.084827 145124800 sigmoid_l2.h:32] OutputVertex 0 is activated with the Sigmoid function.
I1122 10:46:21.084833 145124800 sigmoid_l2.h:32] OutputVertex 0 is activated with the Sigmoid function.
I1122 10:46:21.084837 145124800 sigmoid_l2.h:32] OutputVertex 0 is activated with the Sigmoid function.
[       OK ] SigmoidL2Test.ActivateSuccess (0 ms)
[----------] 1 test from SigmoidL2Test (0 ms total)

[----------] Global test environment tear-down
[==========] 1 test from 1 test suite ran. (0 ms total)
[  PASSED  ] 1 test.
<end of output>
Test time =   0.00 sec
----------------------------------------------------------
Test Passed.
"SigmoidL2Test.ActivateSuccess" end time: Nov 22 10:46 PST
"SigmoidL2Test.ActivateSuccess" time elapsed: 00:00:00
----------------------------------------------------------

16/21 Testing: SigmoidL2Test.DeriveSuccess
16/21 Test: SigmoidL2Test.DeriveSuccess
Command: "/Users/lingbozhang/src/intellgraph2/build/bin/vertex_unittests" "--gtest_filter=SigmoidL2Test.DeriveSuccess" "--gtest_also_run_disabled_tests"
Directory: /Users/lingbozhang/src/intellgraph2/build/src/edge/vertex
"SigmoidL2Test.DeriveSuccess" start time: Nov 22 10:46 PST
Output:
----------------------------------------------------------
Running main() from /Users/lingbozhang/src/intellgraph2/third_party/googletest/googletest/src/gtest_main.cc
Note: Google Test filter = SigmoidL2Test.DeriveSuccess
[==========] Running 1 test from 1 test suite.
[----------] Global test environment set-up.
[----------] 1 test from SigmoidL2Test
[ RUN      ] SigmoidL2Test.DeriveSuccess
WARNING: Logging before InitGoogleLogging() is written to STDERR
I1122 10:46:21.088855 184606144 sigmoid_l2.h:32] OutputVertex 0 is activated with the Sigmoid function.
I1122 10:46:21.089290 184606144 sigmoid_l2.h:32] OutputVertex 0 is activated with the Sigmoid function.
I1122 10:46:21.089303 184606144 sigmoid_l2.h:52] OutputVertex 0 is derived with the Sigmoid function.
I1122 10:46:21.089308 184606144 sigmoid_l2.h:52] OutputVertex 0 is derived with the Sigmoid function.
[       OK ] SigmoidL2Test.DeriveSuccess (1 ms)
[----------] 1 test from SigmoidL2Test (1 ms total)

[----------] Global test environment tear-down
[==========] 1 test from 1 test suite ran. (1 ms total)
[  PASSED  ] 1 test.
<end of output>
Test time =   0.00 sec
----------------------------------------------------------
Test Passed.
"SigmoidL2Test.DeriveSuccess" end time: Nov 22 10:46 PST
"SigmoidL2Test.DeriveSuccess" time elapsed: 00:00:00
----------------------------------------------------------

17/21 Testing: SigmoidL2Test.CalcLossSuccess
17/21 Test: SigmoidL2Test.CalcLossSuccess
Command: "/Users/lingbozhang/src/intellgraph2/build/bin/vertex_unittests" "--gtest_filter=SigmoidL2Test.CalcLossSuccess" "--gtest_also_run_disabled_tests"
Directory: /Users/lingbozhang/src/intellgraph2/build/src/edge/vertex
"SigmoidL2Test.CalcLossSuccess" start time: Nov 22 10:46 PST
Output:
----------------------------------------------------------
Running main() from /Users/lingbozhang/src/intellgraph2/third_party/googletest/googletest/src/gtest_main.cc
Note: Google Test filter = SigmoidL2Test.CalcLossSuccess
[==========] Running 1 test from 1 test suite.
[----------] Global test environment set-up.
[----------] 1 test from SigmoidL2Test
[ RUN      ] SigmoidL2Test.CalcLossSuccess
WARNING: Logging before InitGoogleLogging() is written to STDERR
I1122 10:46:21.093266 494378432 sigmoid_l2.h:90] OutputVertex 0 calculates L2-NORM loss.
I1122 10:46:21.093739 494378432 sigmoid_l2.h:90] OutputVertex 0 calculates L2-NORM loss.
[       OK ] SigmoidL2Test.CalcLossSuccess (0 ms)
[----------] 1 test from SigmoidL2Test (0 ms total)

[----------] Global test environment tear-down
[==========] 1 test from 1 test suite ran. (0 ms total)
[  PASSED  ] 1 test.
<end of output>
Test time =   0.00 sec
----------------------------------------------------------
Test Passed.
"SigmoidL2Test.CalcLossSuccess" end time: Nov 22 10:46 PST
"SigmoidL2Test.CalcLossSuccess" time elapsed: 00:00:00
----------------------------------------------------------

18/21 Testing: SigmoidL2Test.CalcDeltaSuccess
18/21 Test: SigmoidL2Test.CalcDeltaSuccess
Command: "/Users/lingbozhang/src/intellgraph2/build/bin/vertex_unittests" "--gtest_filter=SigmoidL2Test.CalcDeltaSuccess" "--gtest_also_run_disabled_tests"
Directory: /Users/lingbozhang/src/intellgraph2/build/src/edge/vertex
"SigmoidL2Test.CalcDeltaSuccess" start time: Nov 22 10:46 PST
Output:
----------------------------------------------------------
Running main() from /Users/lingbozhang/src/intellgraph2/third_party/googletest/googletest/src/gtest_main.cc
Note: Google Test filter = SigmoidL2Test.CalcDeltaSuccess
[==========] Running 1 test from 1 test suite.
[----------] Global test environment set-up.
[----------] 1 test from SigmoidL2Test
[ RUN      ] SigmoidL2Test.CalcDeltaSuccess
WARNING: Logging before InitGoogleLogging() is written to STDERR
I1122 10:46:21.097657 442944960 sigmoid_l2.h:103] OutputVertex 0 calculates delta based on the Sigmoid function
I1122 10:46:21.098145 442944960 sigmoid_l2.h:52] OutputVertex 0 is derived with the Sigmoid function.
I1122 10:46:21.098153 442944960 sigmoid_l2.h:103] OutputVertex 0 calculates delta based on the Sigmoid function
I1122 10:46:21.098165 442944960 sigmoid_l2.h:52] OutputVertex 0 is derived with the Sigmoid function.
[       OK ] SigmoidL2Test.CalcDeltaSuccess (1 ms)
[----------] 1 test from SigmoidL2Test (1 ms total)

[----------] Global test environment tear-down
[==========] 1 test from 1 test suite ran. (1 ms total)
[  PASSED  ] 1 test.
<end of output>
Test time =   0.00 sec
----------------------------------------------------------
Test Passed.
"SigmoidL2Test.CalcDeltaSuccess" end time: Nov 22 10:46 PST
"SigmoidL2Test.CalcDeltaSuccess" time elapsed: 00:00:00
----------------------------------------------------------

19/21 Testing: BackwardVisitorTest.VisitSuccess
19/21 Test: BackwardVisitorTest.VisitSuccess
Command: "/Users/lingbozhang/src/intellgraph2/build/bin/visitor_unittests" "--gtest_filter=BackwardVisitorTest.VisitSuccess" "--gtest_also_run_disabled_tests"
Directory: /Users/lingbozhang/src/intellgraph2/build/src/visitor
"BackwardVisitorTest.VisitSuccess" start time: Nov 22 10:46 PST
Output:
----------------------------------------------------------
Running main() from /Users/lingbozhang/src/intellgraph2/third_party/googletest/googletest/src/gtest_main.cc
Note: Google Test filter = BackwardVisitorTest.VisitSuccess
[==========] Running 1 test from 1 test suite.
[----------] Global test environment set-up.
[----------] 1 test from BackwardVisitorTest
[ RUN      ] BackwardVisitorTest.VisitSuccess
WARNING: Logging before InitGoogleLogging() is written to STDERR
I1122 10:46:21.102811 342887872 backward_visitor.cc:29] DenseEdge 0 is backwarded.
I1122 10:46:21.103276 342887872 sigmoid.h:50] OpVertex 0 is derived with the Sigmoid function.
I1122 10:46:21.103307 342887872 backward_visitor.cc:29] DenseEdge 0 is backwarded.
I1122 10:46:21.103323 342887872 sigmoid.h:50] OpVertex 0 is derived with the Sigmoid function.
[       OK ] BackwardVisitorTest.VisitSuccess (1 ms)
[----------] 1 test from BackwardVisitorTest (1 ms total)

[----------] Global test environment tear-down
[==========] 1 test from 1 test suite ran. (1 ms total)
[  PASSED  ] 1 test.
<end of output>
Test time =   0.00 sec
----------------------------------------------------------
Test Passed.
"BackwardVisitorTest.VisitSuccess" end time: Nov 22 10:46 PST
"BackwardVisitorTest.VisitSuccess" time elapsed: 00:00:00
----------------------------------------------------------

20/21 Testing: ForwardVisitorTest.VisitSuccess
20/21 Test: ForwardVisitorTest.VisitSuccess
Command: "/Users/lingbozhang/src/intellgraph2/build/bin/visitor_unittests" "--gtest_filter=ForwardVisitorTest.VisitSuccess" "--gtest_also_run_disabled_tests"
Directory: /Users/lingbozhang/src/intellgraph2/build/src/visitor
"ForwardVisitorTest.VisitSuccess" start time: Nov 22 10:46 PST
Output:
----------------------------------------------------------
Running main() from /Users/lingbozhang/src/intellgraph2/third_party/googletest/googletest/src/gtest_main.cc
Note: Google Test filter = ForwardVisitorTest.VisitSuccess
[==========] Running 1 test from 1 test suite.
[----------] Global test environment set-up.
[----------] 1 test from ForwardVisitorTest
[ RUN      ] ForwardVisitorTest.VisitSuccess
WARNING: Logging before InitGoogleLogging() is written to STDERR
I1122 10:46:21.107754 484896192 forward_visitor.cc:29] DenseEdge 0 is forwarded.
I1122 10:46:21.108243 484896192 sigmoid.h:31] OpVertex 0 is activated with the Sigmoid function.
I1122 10:46:21.108291 484896192 forward_visitor.cc:29] DenseEdge 0 is forwarded.
I1122 10:46:21.108297 484896192 sigmoid.h:31] OpVertex 0 is activated with the Sigmoid function.
[       OK ] ForwardVisitorTest.VisitSuccess (1 ms)
[----------] 1 test from ForwardVisitorTest (1 ms total)

[----------] Global test environment tear-down
[==========] 1 test from 1 test suite ran. (1 ms total)
[  PASSED  ] 1 test.
<end of output>
Test time =   0.00 sec
----------------------------------------------------------
Test Passed.
"ForwardVisitorTest.VisitSuccess" end time: Nov 22 10:46 PST
"ForwardVisitorTest.VisitSuccess" time elapsed: 00:00:00
----------------------------------------------------------

21/21 Testing: InitVisitorTest.VisitSuccess
21/21 Test: InitVisitorTest.VisitSuccess
Command: "/Users/lingbozhang/src/intellgraph2/build/bin/visitor_unittests" "--gtest_filter=InitVisitorTest.VisitSuccess" "--gtest_also_run_disabled_tests"
Directory: /Users/lingbozhang/src/intellgraph2/build/src/visitor
"InitVisitorTest.VisitSuccess" start time: Nov 22 10:46 PST
Output:
----------------------------------------------------------
Running main() from /Users/lingbozhang/src/intellgraph2/third_party/googletest/googletest/src/gtest_main.cc
Note: Google Test filter = InitVisitorTest.VisitSuccess
[==========] Running 1 test from 1 test suite.
[----------] Global test environment set-up.
[----------] 1 test from InitVisitorTest
[ RUN      ] InitVisitorTest.VisitSuccess
WARNING: Logging before InitGoogleLogging() is written to STDERR
I1122 10:46:21.112715 310558144 init_vertex_visitor.cc:30] OpVertex 1 is zero initialized.
I1122 10:46:21.113168 310558144 init_vertex_visitor.cc:30] OpVertex 1 is zero initialized.
[       OK ] InitVisitorTest.VisitSuccess (1 ms)
[----------] 1 test from InitVisitorTest (1 ms total)

[----------] Global test environment tear-down
[==========] 1 test from 1 test suite ran. (1 ms total)
[  PASSED  ] 1 test.
<end of output>
Test time =   0.00 sec
----------------------------------------------------------
Test Passed.
"InitVisitorTest.VisitSuccess" end time: Nov 22 10:46 PST
"InitVisitorTest.VisitSuccess" time elapsed: 00:00:00
----------------------------------------------------------

End testing: Nov 22 10:46 PST
